[DEBUG] 20161116114332 : %Cpu(s): 0.3 us, 9.3 sy, 0.0 ni, 90.3 id, 0.1 wa, 0.0 hi, 0.0 si, 0.0 st  
[DEBUG] 20161116114332 : mem total:16038 used:6039 free:8023  
[DEBUG] 20161116114332 : swap total:16371 used:47 free:16324  
[DEBUG] 20161116114332 : process number: 10001 tcp session number: 10001  
[DEBUG] 20161116114345 : %Cpu(s): 0.3 us, 9.3 sy, 0.0 ni, 90.3 id, 0.1 wa, 0.0 hi, 0.0 si, 0.0 st  
[DEBUG] 20161116114345 : mem total:16038 used:6041 free:7949  
[DEBUG] 20161116114346 : swap total:16371 used:47 free:16324  
[DEBUG] 20161116114346 : process number: 10001 tcp session number: 10001  
[DEBUG] 20161116114359 : %Cpu(s): 0.3 us, 9.3 sy, 0.0 ni, 90.3 id, 0.1 wa, 0.0 hi, 0.0 si, 0.0 st  
[DEBUG] 20161116114359 : mem total:16038 used:6031 free:7959  
[DEBUG] 20161116114359 : swap total:16371 used:47 free:16324  
[DEBUG] 20161116114359 : process number: 10001 tcp session number: 10001  
[DEBUG] 20161116114412 : %Cpu(s): 0.3 us, 9.3 sy, 0.0 ni, 90.3 id, 0.1 wa, 0.0 hi, 0.0 si, 0.0 st  
[DEBUG] 20161116114412 : mem total:16038 used:6030 free:7960  
[DEBUG] 20161116114412 : swap total:16371 used:47 free:16324  
[DEBUG] 20161116114412 : process number: 10001 tcp session number: 10001  
[DEBUG] 20161116114425 : %Cpu(s): 0.3 us, 9.3 sy, 0.0 ni, 90.3 id, 0.1 wa, 0.0 hi, 0.0 si, 0.0 st  
[DEBUG] 20161116114425 : mem total:16038 used:6030 free:7959  
[DEBUG] 20161116114425 : swap total:16371 used:47 free:16324  
[DEBUG] 20161116114425 : process number: 10001 tcp session number: 10001  
[DEBUG] 20161116114438 : %Cpu(s): 0.3 us, 9.3 sy, 0.0 ni, 90.3 id, 0.1 wa, 0.0 hi, 0.0 si, 0.0 st  
[DEBUG] 20161116114438 : mem total:16038 used:6030 free:7959  
[DEBUG] 20161116114438 : swap total:16371 used:47 free:16324  
[DEBUG] 20161116114438 : process number: 10001 tcp session number: 10001  
[DEBUG] 20161116114451 : %Cpu(s): 0.3 us, 9.3 sy, 0.0 ni, 90.3 id, 0.1 wa, 0.0 hi, 0.0 si, 0.0 st  
[DEBUG] 20161116114451 : mem total:16038 used:6030 free:7959  
[DEBUG] 20161116114451 : swap total:16371 used:47 free:16324  
[DEBUG] 20161116114451 : process number: 10001 tcp session number: 10001  
[DEBUG] 20161116114504 : %Cpu(s): 0.3 us, 9.3 sy, 0.0 ni, 90.3 id, 0.1 wa, 0.0 hi, 0.0 si, 0.0 st  
[DEBUG] 20161116114504 : mem total:16038 used:6030 free:7959  
[DEBUG] 20161116114504 : swap total:16371 used:47 free:16324  
[DEBUG] 20161116114504 : process number: 10001 tcp session number: 10001  
[DEBUG] 20161116114517 : %Cpu(s): 0.3 us, 9.3 sy, 0.0 ni, 90.3 id, 0.1 wa, 0.0 hi, 0.0 si, 0.0 st  
[DEBUG] 20161116114517 : mem total:16038 used:6030 free:7959  
[DEBUG] 20161116114517 : swap total:16371 used:47 free:16324  
[DEBUG] 20161116114517 : process number: 10001 tcp session number: 10001  
[DEBUG] 20161116114530 : %Cpu(s): 0.3 us, 9.3 sy, 0.0 ni, 90.3 id, 0.1 wa, 0.0 hi, 0.0 si, 0.0 st  
[DEBUG] 20161116114530 : mem total:16038 used:6029 free:7959  
[DEBUG] 20161116114530 : swap total:16371 used:47 free:16324  
[DEBUG] 20161116114530 : process number: 10001 tcp session number: 10001  
[DEBUG] 20161116114543 : %Cpu(s): 0.3 us, 9.3 sy, 0.0 ni, 90.3 id, 0.1 wa, 0.0 hi, 0.0 si, 0.0 st  
[DEBUG] 20161116114543 : mem total:16038 used:6030 free:7959  
[DEBUG] 20161116114543 : swap total:16371 used:47 free:16324  
[DEBUG] 20161116114543 : process number: 10001 tcp session number: 10001  
[DEBUG] 20161116114556 : %Cpu(s): 0.3 us, 9.3 sy, 0.0 ni, 90.3 id, 0.1 wa, 0.0 hi, 0.0 si, 0.0 st  
[DEBUG] 20161116114556 : mem total:16038 used:6030 free:7959  
[DEBUG] 20161116114556 : swap total:16371 used:47 free:16324  
[DEBUG] 20161116114556 : process number: 10001 tcp session number: 10001  
[DEBUG] 20161116114609 : %Cpu(s): 0.3 us, 9.3 sy, 0.0 ni, 90.3 id, 0.1 wa, 0.0 hi, 0.0 si, 0.0 st  
[DEBUG] 20161116114609 : mem total:16038 used:6028 free:7961  
[DEBUG] 20161116114609 : swap total:16371 used:47 free:16324  
[DEBUG] 20161116114609 : process number: 10001 tcp session number: 10000  
[DEBUG] 20161116114622 : %Cpu(s): 0.3 us, 9.3 sy, 0.0 ni, 90.3 id, 0.1 wa, 0.0 hi, 0.0 si, 0.0 st  
[DEBUG] 20161116114622 : mem total:16038 used:6029 free:7959  
[DEBUG] 20161116114622 : swap total:16371 used:47 free:16324  
[DEBUG] 20161116114622 : process number: 10001 tcp session number: 10000  
[DEBUG] 20161116114635 : %Cpu(s): 0.3 us, 9.3 sy, 0.0 ni, 90.3 id, 0.1 wa, 0.0 hi, 0.0 si, 0.0 st  
[DEBUG] 20161116114635 : mem total:16038 used:6031 free:7958  
[DEBUG] 20161116114635 : swap total:16371 used:47 free:16324  
[DEBUG] 20161116114635 : process number: 10001 tcp session number: 10000  
[DEBUG] 20161116114648 : %Cpu(s): 0.3 us, 9.3 sy, 0.0 ni, 90.3 id, 0.1 wa, 0.0 hi, 0.0 si, 0.0 st  
[DEBUG] 20161116114648 : mem total:16038 used:6030 free:7959  
[DEBUG] 20161116114648 : swap total:16371 used:47 free:16324  
[DEBUG] 20161116114648 : process number: 10001 tcp session number: 10001  
[DEBUG] 20161116114701 : %Cpu(s): 0.3 us, 9.3 sy, 0.0 ni, 90.3 id, 0.1 wa, 0.0 hi, 0.0 si, 0.0 st  
[DEBUG] 20161116114701 : mem total:16038 used:6029 free:7959  
[DEBUG] 20161116114701 : swap total:16371 used:47 free:16324  
[DEBUG] 20161116114701 : process number: 10001 tcp session number: 10000  
[DEBUG] 20161116114713 : %Cpu(s): 0.3 us, 9.3 sy, 0.0 ni, 90.3 id, 0.1 wa, 0.0 hi, 0.0 si, 0.0 st  
[DEBUG] 20161116114713 : mem total:16038 used:213 free:14160  
[DEBUG] 20161116114713 : swap total:16371 used:47 free:16324  
[DEBUG] 20161116114713 : process number: 1 tcp session number: 1  
[DEBUG] 20161116114723 : %Cpu(s): 0.3 us, 9.3 sy, 0.0 ni, 90.3 id, 0.1 wa, 0.0 hi, 0.0 si, 0.0 st  
[DEBUG] 20161116114723 : mem total:16038 used:215 free:14159  
[DEBUG] 20161116114723 : swap total:16371 used:47 free:16324  
[DEBUG] 20161116114723 : process number: 1 tcp session number: 0  
error......
