[DEBUG] 20161116123056 : %Cpu(s): 0.3 us, 9.3 sy, 0.0 ni, 90.3 id, 0.1 wa, 0.0 hi, 0.0 si, 0.0 st  
[DEBUG] 20161116123056 : mem total:16038 used:11877 free:1683  
[DEBUG] 20161116123056 : swap total:16371 used:45 free:16326  
[DEBUG] 20161116123056 : process number: 20002 tcp session number: 20001  
[DEBUG] 20161116123112 : %Cpu(s): 0.3 us, 9.3 sy, 0.0 ni, 90.3 id, 0.1 wa, 0.0 hi, 0.0 si, 0.0 st  
[DEBUG] 20161116123112 : mem total:16038 used:11880 free:1670  
[DEBUG] 20161116123112 : swap total:16371 used:45 free:16326  
[DEBUG] 20161116123112 : process number: 20002 tcp session number: 20000  
[DEBUG] 20161116123129 : %Cpu(s): 0.3 us, 9.3 sy, 0.0 ni, 90.3 id, 0.1 wa, 0.0 hi, 0.0 si, 0.0 st  
[DEBUG] 20161116123129 : mem total:16038 used:11883 free:1666  
[DEBUG] 20161116123129 : swap total:16371 used:45 free:16326  
[DEBUG] 20161116123129 : process number: 20002 tcp session number: 20000  
[DEBUG] 20161116123145 : %Cpu(s): 0.3 us, 9.3 sy, 0.0 ni, 90.3 id, 0.1 wa, 0.0 hi, 0.0 si, 0.0 st  
[DEBUG] 20161116123145 : mem total:16038 used:11882 free:1667  
[DEBUG] 20161116123145 : swap total:16371 used:45 free:16326  
[DEBUG] 20161116123145 : process number: 20002 tcp session number: 20295  
[DEBUG] 20161116123245 :   
[DEBUG] 20161116123245 : mem total:16038 used:13200 free:251  
[DEBUG] 20161116123245 : swap total:16371 used:45 free:16326  
[DEBUG] 20161116123245 : process number: 7091 tcp session number: 0  
error......
